

*******************************************************************************
Wed Oct 04 17:00:58 2023


FIT:    data read from 'resultados.dat'
        format = z
        x range restricted to [0.00000 : 70000.0]
        #datapoints = 700
        residuals are weighted equally (unit weight)

function used for fitting: f(x)
	f(x) = a*log(x)+b
fitted parameters initialized with current variable values

iter      chisq       delta/lim  lambda   a             b            
   0 2.5411894849e-04   0.00e+00  4.22e-04    5.849454e-05   5.444123e-06
   5 2.9043539455e-10  -3.78e-04  4.22e-09    4.465534e-08  -3.595127e-07

After 5 iterations the fit converged.
final sum of squares of residuals : 2.90435e-10
rel. change during last iteration : -3.77666e-09

degrees of freedom    (FIT_NDF)                        : 698
rms of residuals      (FIT_STDFIT) = sqrt(WSSR/ndf)    : 6.45055e-07
variance of residuals (reduced chisquare) = WSSR/ndf   : 4.16097e-13

Final set of parameters            Asymptotic Standard Error
=======================            ==========================
a               = 4.46553e-08      +/- 2.487e-08    (55.69%)
b               = -3.59513e-07     +/- 2.539e-07    (70.62%)

correlation matrix of the fit parameters:
                a      b      
a               1.000 
b              -0.995  1.000 


*******************************************************************************
Wed Oct 04 17:04:22 2023


FIT:    data read from 'resultados.dat'
        format = z
        #datapoints = 700
        residuals are weighted equally (unit weight)

function used for fitting: f(x)
	f(x) = a*log(x)+b
fitted parameters initialized with current variable values

iter      chisq       delta/lim  lambda   a             b            
   0 8.7889822847e+04   0.00e+00  7.25e+00    1.000000e+00   1.000000e+00
   5 2.9043539455e-10  -3.74e-04  7.25e-05    4.465534e-08  -3.595127e-07

After 5 iterations the fit converged.
final sum of squares of residuals : 2.90435e-10
rel. change during last iteration : -3.73559e-09

degrees of freedom    (FIT_NDF)                        : 698
rms of residuals      (FIT_STDFIT) = sqrt(WSSR/ndf)    : 6.45055e-07
variance of residuals (reduced chisquare) = WSSR/ndf   : 4.16097e-13

Final set of parameters            Asymptotic Standard Error
=======================            ==========================
a               = 4.46553e-08      +/- 2.487e-08    (55.69%)
b               = -3.59513e-07     +/- 2.539e-07    (70.62%)

correlation matrix of the fit parameters:
                a      b      
a               1.000 
b              -0.995  1.000 


*******************************************************************************
Wed Oct 04 18:11:03 2023


FIT:    data read from 'resultados.dat'
        format = z
        #datapoints = 699
        residuals are weighted equally (unit weight)

function used for fitting: f(x)
	f(x)=a*log(x)+b
fitted parameters initialized with current variable values

iter      chisq       delta/lim  lambda   a             b            
   0 1.1413344265e+12   0.00e+00  6.53e+00    1.000000e+00   1.000000e+00
   4 2.7879961115e+11  -7.30e-02  6.53e-04   -1.490881e+04  -1.018347e+05

After 4 iterations the fit converged.
final sum of squares of residuals : 2.788e+11
rel. change during last iteration : -7.30395e-07

degrees of freedom    (FIT_NDF)                        : 697
rms of residuals      (FIT_STDFIT) = sqrt(WSSR/ndf)    : 20000
variance of residuals (reduced chisquare) = WSSR/ndf   : 3.99999e+08

Final set of parameters            Asymptotic Standard Error
=======================            ==========================
a               = -14908.8         +/- 3912         (26.24%)
b               = -101835          +/- 3.591e+04    (35.27%)

correlation matrix of the fit parameters:
                a      b      
a               1.000 
b               1.000  1.000 


*******************************************************************************
Wed Oct 04 18:14:08 2023


FIT:    data read from 'resultados.dat'
        format = z
        #datapoints = 699
        residuals are weighted equally (unit weight)

function used for fitting: f(x)
	f(x)=a*log(x)+b
fitted parameters initialized with current variable values

iter      chisq       delta/lim  lambda   a             b            
   0 4.5005473822e+13   0.00e+00  1.29e+05   -1.490881e+04  -1.018347e+05
   5 3.9281565964e-07  -1.43e-07  1.29e+00    3.043760e-06   7.593525e-05

After 5 iterations the fit converged.
final sum of squares of residuals : 3.92816e-07
rel. change during last iteration : -1.43152e-12

degrees of freedom    (FIT_NDF)                        : 697
rms of residuals      (FIT_STDFIT) = sqrt(WSSR/ndf)    : 2.37399e-05
variance of residuals (reduced chisquare) = WSSR/ndf   : 5.63581e-10

Final set of parameters            Asymptotic Standard Error
=======================            ==========================
a               = 3.04376e-06      +/- 9.161e-07    (30.1%)
b               = 7.59352e-05      +/- 9.352e-06    (12.32%)

correlation matrix of the fit parameters:
                a      b      
a               1.000 
b              -0.995  1.000 
